<?xml version="1.0" encoding="UTF-8"?>
<testng-results skipped="0" failed="0" ignored="0" total="1" passed="1">
  <reporter-output>
  </reporter-output>
  <suite name="Default suite" duration-ms="65" started-at="2019-06-14T17:16:15Z" finished-at="2019-06-14T17:16:15Z">
    <groups>
    </groups>
    <test name="Default test" duration-ms="65" started-at="2019-06-14T17:16:15Z" finished-at="2019-06-14T17:16:15Z">
      <class name="com.example.examProject12.ExamProject12ApplicationTests">
        <test-method status="PASS" signature="contextLoads()[pri:0, instance:com.example.examProject12.ExamProject12ApplicationTests@3159c4b8]" name="contextLoads" duration-ms="17" started-at="2019-06-14T17:16:15Z" finished-at="2019-06-14T17:16:15Z">
          <reporter-output>
          </reporter-output>
        </test-method> <!-- contextLoads -->
      </class> <!-- com.example.examProject12.ExamProject12ApplicationTests -->
    </test> <!-- Default test -->
  </suite> <!-- Default suite -->
</testng-results>
